time="2025-09-07T13:22:11Z" level=warning msg="a network with name upgrade_network exists but was not created for project \"upgrade\".\nSet `external: true` to use an existing network"
time="2025-09-07T13:22:11Z" level=warning msg="volume \"upgrade_airflow_logs\" already exists but was created for project \"docker\" (expected \"upgrade\"). Use `external: true` to use an existing volume"
time="2025-09-07T13:22:11Z" level=warning msg="volume \"upgrade_postgres_data\" already exists but was created for project \"docker\" (expected \"upgrade\"). Use `external: true` to use an existing volume"
 Container upgrade_redis  Created
 Container upgrade_open_meteo  Created
 Container upgrade_minio  Created
 Container upgrade_zookeeper  Created
 Container upgrade_postgres  Created
 Container upgrade_kafka  Created
 Container upgrade_airflow_webserver  Created
 Container upgrade_kafka_ui  Created
 Container upgrade_pgadmin  Created
 Container upgrade_airflow_init  Created
 Container upgrade_weather_producer  Created
 Container upgrade_weather_consumer  Created
 Container upgrade_airflow_scheduler  Created
 Container upgrade_redis  Starting
 Container upgrade_postgres  Starting
 Container upgrade_zookeeper  Starting
 Container upgrade_open_meteo  Starting
 Container upgrade_minio  Starting
 Container upgrade_redis  Started
 Container upgrade_zookeeper  Started
 Container upgrade_kafka  Starting
 Container upgrade_postgres  Started
 Container upgrade_postgres  Waiting
 Container upgrade_postgres  Waiting
 Container upgrade_redis  Waiting
 Container upgrade_pgadmin  Starting
 Container upgrade_postgres  Waiting
 Container upgrade_redis  Waiting
 Container upgrade_open_meteo  Started
 Container upgrade_minio  Started
 Container upgrade_pgadmin  Started
 Container upgrade_kafka  Started
 Container upgrade_weather_producer  Starting
 Container upgrade_weather_consumer  Starting
 Container upgrade_kafka_ui  Starting
 Container upgrade_kafka_ui  Started
 Container upgrade_weather_consumer  Started
 Container upgrade_weather_producer  Started
 Container upgrade_redis  Healthy
 Container upgrade_redis  Healthy
 Container upgrade_postgres  Healthy
 Container upgrade_airflow_webserver  Starting
 Container upgrade_postgres  Healthy
 Container upgrade_postgres  Healthy
 Container upgrade_airflow_scheduler  Starting
 Container upgrade_airflow_init  Starting
 Container upgrade_airflow_webserver  Started
 Container upgrade_airflow_scheduler  Started
 Container upgrade_airflow_init  Started
